[2018-03-14 20:44:38] bot_log.DEBUG: Verbose HTTP Request output:
*   Trying 149.154.167.220...
* TCP_NODELAY set
* Connected to api.telegram.org (149.154.167.220) port 443 (#0)
* ALPN, offering http/1.1
* Cipher selection: ALL:!EXPORT:!EXPORT40:!EXPORT56:!aNULL:!LOW:!RC4:@STRENGTH
* successfully set certificate verify locations:
*   CAfile: /usr/share/curl/ca-bundle.crt
  CApath: none
* NPN, negotiated HTTP1.1
* SSL connection using TLSv1.2 / ECDHE-RSA-AES256-GCM-SHA384
* ALPN, server did not agree to a protocol
* Server certificate:
*  subject: OU=Domain Control Validated; CN=api.telegram.org
*  start date: May 23 16:17:38 2015 GMT
*  expire date: May 23 16:17:38 2018 GMT
*  subjectAltName: host "api.telegram.org" matched cert's "api.telegram.org"
*  issuer: C=US; ST=Arizona; L=Scottsdale; O=GoDaddy.com, Inc.; OU=http://certs.godaddy.com/repository/; CN=Go Daddy Secure Certificate Authority - G2
*  SSL certificate verify ok.
> POST /bot539623257:AAGBn9wboPc2g491yuzJHcHBGIWoljE2TJs/deleteWebhook HTTP/1.1
Host: api.telegram.org
User-Agent: GuzzleHttp/6.2.1 curl/7.57.0 PHP/7.1.11
Content-Type: application/x-www-form-urlencoded
Content-Length: 3

* upload completely sent off: 3 out of 3 bytes
< HTTP/1.1 200 OK
< Server: nginx/1.12.2
< Date: Wed, 14 Mar 2018 17:44:41 GMT
< Content-Type: application/json
< Content-Length: 68
< Connection: keep-alive
< Access-Control-Allow-Origin: *
< Access-Control-Allow-Methods: GET, POST, OPTIONS
< Access-Control-Expose-Headers: Content-Length,Content-Type,Date,Server,Connection
< Strict-Transport-Security: max-age=31536000; includeSubdomains
< 
* Connection #0 to host api.telegram.org left intact

 [] []
[2018-03-14 20:44:40] bot_log.DEBUG: Verbose HTTP Request output:
* Found bundle for host api.telegram.org: 0x3280980 [can pipeline]
* Re-using existing connection! (#0) with host api.telegram.org
* Connected to api.telegram.org (149.154.167.220) port 443 (#0)
> POST /bot539623257:AAGBn9wboPc2g491yuzJHcHBGIWoljE2TJs/setWebhook HTTP/1.1
Host: api.telegram.org
User-Agent: GuzzleHttp/6.2.1 curl/7.57.0 PHP/7.1.11
Content-Type: multipart/form-data; boundary=c3587436ca9cb46371080572b25d40e05664dc2b
Content-Length: 1819

* upload completely sent off: 1819 out of 1819 bytes
< HTTP/1.1 400 Bad Request
< Server: nginx/1.12.2
< Date: Wed, 14 Mar 2018 17:44:42 GMT
< Content-Type: application/json
< Content-Length: 110
< Connection: keep-alive
< Access-Control-Allow-Origin: *
< Access-Control-Expose-Headers: Content-Length,Content-Type,Date,Server,Connection
< 
* Connection #0 to host api.telegram.org left intact

 [] []
[2018-03-14 20:44:40] bot_log.ERROR: Longman\TelegramBot\Exception\TelegramException: Webhook was not set! Error: 400 Bad Request: bad webhook: getaddrinfo: Name or service not known in /home/staralex/textImageGenerator/vendor/longman/telegram-bot/src/Telegram.php:806
Stack trace:
#0 /home/staralex/textImageGenerator/vendor/php-telegram-bot/telegram-bot-manager/src/BotManager.php(229): Longman\TelegramBot\Telegram->setWebhook('https://imagept...', Array)
#1 /home/staralex/textImageGenerator/vendor/php-telegram-bot/telegram-bot-manager/src/BotManager.php(138): TelegramBot\TelegramBotManager\BotManager->validateAndSetWebhook()
#2 /home/staralex/textImageGenerator/manager.php(80): TelegramBot\TelegramBotManager\BotManager->run()
#3 {main} [] []
